<?xml version="1.0" encoding="UTF-8"?>
<!-- Generated by org.testng.reporters.JUnitReportReporter -->
<testsuite hostname="HP" name="tests.Testcase" tests="1" failures="0" timestamp="1 Dec 2021 07:20:12 GMT" time="13.066" errors="0">
  <testcase name="testcase1" time="13.066" classname="tests.Testcase"/>
</testsuite> <!-- tests.Testcase -->
